2024-06-21T16:41:47.600Z [info]: [ ONLY GOLDEN DUCK MODE ]
2024-06-21T16:41:47.605Z [info]: 
2024-06-21T16:41:47.605Z [info]: Link Tool : [ j2c.cc/quack ]
2024-06-21T16:41:47.606Z [info]: Balances : [ 60721724.06 EGG 🥚 ] [ 1288.30 PET 🐸 ]
2024-06-21T16:41:47.607Z [info]: 
2024-06-21T16:41:47.608Z [info]: Run time : [ 00:00:00:00 ]
2024-06-21T16:41:47.609Z [info]: Total harvest : [ 0.00 EGG 🥚 ] [ 0.00 PET 🐸 ]
2024-06-21T16:41:47.609Z [info]: 
2024-06-21T16:41:47.609Z [info]: [ GOLDEN DUCK 🐥 ] : [ 0 | see you in 0s ]
2024-06-21T16:41:48.786Z [info]: [ ONLY GOLDEN DUCK MODE ]
2024-06-21T16:41:48.787Z [info]: 
2024-06-21T16:41:48.787Z [info]: Link Tool : [ j2c.cc/quack ]
2024-06-21T16:41:48.788Z [info]: Balances : [ 60721724.06 EGG 🥚 ] [ 1288.30 PET 🐸 ]
2024-06-21T16:41:48.788Z [info]: 
2024-06-21T16:41:48.788Z [info]: Run time : [ 00:00:00:01 ]
2024-06-21T16:41:48.789Z [info]: Total harvest : [ 0.00 EGG 🥚 ] [ 0.00 PET 🐸 ]
2024-06-21T16:41:48.789Z [info]: 
2024-06-21T16:41:48.789Z [info]: [ GOLDEN DUCK 🐥 ] : [ 0 | see you in 216s ]
2024-06-21T16:41:49.795Z [info]: [ ONLY GOLDEN DUCK MODE ]
2024-06-21T16:41:49.796Z [info]: 
2024-06-21T16:41:49.796Z [info]: Link Tool : [ j2c.cc/quack ]
2024-06-21T16:41:49.796Z [info]: Balances : [ 60721724.06 EGG 🥚 ] [ 1288.30 PET 🐸 ]
2024-06-21T16:41:49.796Z [info]: 
2024-06-21T16:41:49.797Z [info]: Run time : [ 00:00:00:02 ]
2024-06-21T16:41:49.797Z [info]: Total harvest : [ 0.00 EGG 🥚 ] [ 0.00 PET 🐸 ]
2024-06-21T16:41:49.797Z [info]: 
2024-06-21T16:41:49.798Z [info]: [ GOLDEN DUCK 🐥 ] : [ 0 | see you in 215s ]
2024-06-21T16:41:50.796Z [info]: [ ONLY GOLDEN DUCK MODE ]
2024-06-21T16:41:50.796Z [info]: 
2024-06-21T16:41:50.797Z [info]: Link Tool : [ j2c.cc/quack ]
2024-06-21T16:41:50.797Z [info]: Balances : [ 60721724.06 EGG 🥚 ] [ 1288.30 PET 🐸 ]
2024-06-21T16:41:50.797Z [info]: 
2024-06-21T16:41:50.798Z [info]: Run time : [ 00:00:00:03 ]
2024-06-21T16:41:50.798Z [info]: Total harvest : [ 0.00 EGG 🥚 ] [ 0.00 PET 🐸 ]
2024-06-21T16:41:50.798Z [info]: 
2024-06-21T16:41:50.799Z [info]: [ GOLDEN DUCK 🐥 ] : [ 0 | see you in 214s ]
2024-06-21T16:41:51.796Z [info]: [ ONLY GOLDEN DUCK MODE ]
2024-06-21T16:41:51.797Z [info]: 
2024-06-21T16:41:51.797Z [info]: Link Tool : [ j2c.cc/quack ]
2024-06-21T16:41:51.797Z [info]: Balances : [ 60721724.06 EGG 🥚 ] [ 1288.30 PET 🐸 ]
2024-06-21T16:41:51.798Z [info]: 
2024-06-21T16:41:51.798Z [info]: Run time : [ 00:00:00:04 ]
2024-06-21T16:41:51.798Z [info]: Total harvest : [ 0.00 EGG 🥚 ] [ 0.00 PET 🐸 ]
2024-06-21T16:41:51.799Z [info]: 
2024-06-21T16:41:51.799Z [info]: [ GOLDEN DUCK 🐥 ] : [ 0 | see you in 213s ]
2024-06-21T16:41:52.809Z [info]: [ ONLY GOLDEN DUCK MODE ]
2024-06-21T16:41:52.810Z [info]: 
2024-06-21T16:41:52.810Z [info]: Link Tool : [ j2c.cc/quack ]
2024-06-21T16:41:52.810Z [info]: Balances : [ 60721724.06 EGG 🥚 ] [ 1288.30 PET 🐸 ]
2024-06-21T16:41:52.811Z [info]: 
2024-06-21T16:41:52.811Z [info]: Run time : [ 00:00:00:05 ]
2024-06-21T16:41:52.811Z [info]: Total harvest : [ 0.00 EGG 🥚 ] [ 0.00 PET 🐸 ]
2024-06-21T16:41:52.812Z [info]: 
2024-06-21T16:41:52.812Z [info]: [ GOLDEN DUCK 🐥 ] : [ 0 | see you in 212s ]
2024-06-21T16:41:53.824Z [info]: [ ONLY GOLDEN DUCK MODE ]
2024-06-21T16:41:53.824Z [info]: 
2024-06-21T16:41:53.825Z [info]: Link Tool : [ j2c.cc/quack ]
2024-06-21T16:41:53.825Z [info]: Balances : [ 60721724.06 EGG 🥚 ] [ 1288.30 PET 🐸 ]
2024-06-21T16:41:53.825Z [info]: 
2024-06-21T16:41:53.825Z [info]: Run time : [ 00:00:00:06 ]
2024-06-21T16:41:53.825Z [info]: Total harvest : [ 0.00 EGG 🥚 ] [ 0.00 PET 🐸 ]
2024-06-21T16:41:53.826Z [info]: 
2024-06-21T16:41:53.826Z [info]: [ GOLDEN DUCK 🐥 ] : [ 0 | see you in 211s ]
2024-06-21T16:41:54.827Z [info]: [ ONLY GOLDEN DUCK MODE ]
2024-06-21T16:41:54.827Z [info]: 
2024-06-21T16:41:54.828Z [info]: Link Tool : [ j2c.cc/quack ]
2024-06-21T16:41:54.828Z [info]: Balances : [ 60721724.06 EGG 🥚 ] [ 1288.30 PET 🐸 ]
2024-06-21T16:41:54.828Z [info]: 
2024-06-21T16:41:54.828Z [info]: Run time : [ 00:00:00:07 ]
2024-06-21T16:41:54.829Z [info]: Total harvest : [ 0.00 EGG 🥚 ] [ 0.00 PET 🐸 ]
2024-06-21T16:41:54.829Z [info]: 
2024-06-21T16:41:54.829Z [info]: [ GOLDEN DUCK 🐥 ] : [ 0 | see you in 210s ]
2024-06-21T16:41:55.837Z [info]: [ ONLY GOLDEN DUCK MODE ]
2024-06-21T16:41:55.838Z [info]: 
2024-06-21T16:41:55.838Z [info]: Link Tool : [ j2c.cc/quack ]
2024-06-21T16:41:55.838Z [info]: Balances : [ 60721724.06 EGG 🥚 ] [ 1288.30 PET 🐸 ]
2024-06-21T16:41:55.839Z [info]: 
2024-06-21T16:41:55.839Z [info]: Run time : [ 00:00:00:08 ]
2024-06-21T16:41:55.839Z [info]: Total harvest : [ 0.00 EGG 🥚 ] [ 0.00 PET 🐸 ]
2024-06-21T16:41:55.840Z [info]: 
2024-06-21T16:41:55.840Z [info]: [ GOLDEN DUCK 🐥 ] : [ 0 | see you in 209s ]
2024-06-21T16:41:56.847Z [info]: [ ONLY GOLDEN DUCK MODE ]
2024-06-21T16:41:56.848Z [info]: 
2024-06-21T16:41:56.848Z [info]: Link Tool : [ j2c.cc/quack ]
2024-06-21T16:41:56.848Z [info]: Balances : [ 60721724.06 EGG 🥚 ] [ 1288.30 PET 🐸 ]
2024-06-21T16:41:56.849Z [info]: 
2024-06-21T16:41:56.849Z [info]: Run time : [ 00:00:00:09 ]
2024-06-21T16:41:56.849Z [info]: Total harvest : [ 0.00 EGG 🥚 ] [ 0.00 PET 🐸 ]
2024-06-21T16:41:56.849Z [info]: 
2024-06-21T16:41:56.850Z [info]: [ GOLDEN DUCK 🐥 ] : [ 0 | see you in 208s ]
2024-06-21T16:41:57.861Z [info]: [ ONLY GOLDEN DUCK MODE ]
2024-06-21T16:41:57.862Z [info]: 
2024-06-21T16:41:57.862Z [info]: Link Tool : [ j2c.cc/quack ]
2024-06-21T16:41:57.862Z [info]: Balances : [ 60721724.06 EGG 🥚 ] [ 1288.30 PET 🐸 ]
2024-06-21T16:41:57.863Z [info]: 
2024-06-21T16:41:57.863Z [info]: Run time : [ 00:00:00:10 ]
2024-06-21T16:41:57.863Z [info]: Total harvest : [ 0.00 EGG 🥚 ] [ 0.00 PET 🐸 ]
2024-06-21T16:41:57.863Z [info]: 
2024-06-21T16:41:57.864Z [info]: [ GOLDEN DUCK 🐥 ] : [ 0 | see you in 207s ]
2024-06-21T16:41:58.873Z [info]: [ ONLY GOLDEN DUCK MODE ]
2024-06-21T16:41:58.874Z [info]: 
2024-06-21T16:41:58.874Z [info]: Link Tool : [ j2c.cc/quack ]
2024-06-21T16:41:58.874Z [info]: Balances : [ 60721724.06 EGG 🥚 ] [ 1288.30 PET 🐸 ]
2024-06-21T16:41:58.875Z [info]: 
2024-06-21T16:41:58.875Z [info]: Run time : [ 00:00:00:11 ]
2024-06-21T16:41:58.875Z [info]: Total harvest : [ 0.00 EGG 🥚 ] [ 0.00 PET 🐸 ]
2024-06-21T16:41:58.875Z [info]: 
2024-06-21T16:41:58.876Z [info]: [ GOLDEN DUCK 🐥 ] : [ 0 | see you in 206s ]
2024-06-21T16:41:59.885Z [info]: [ ONLY GOLDEN DUCK MODE ]
2024-06-21T16:41:59.886Z [info]: 
2024-06-21T16:41:59.886Z [info]: Link Tool : [ j2c.cc/quack ]
2024-06-21T16:41:59.886Z [info]: Balances : [ 60721724.06 EGG 🥚 ] [ 1288.30 PET 🐸 ]
2024-06-21T16:41:59.887Z [info]: 
2024-06-21T16:41:59.887Z [info]: Run time : [ 00:00:00:12 ]
2024-06-21T16:41:59.887Z [info]: Total harvest : [ 0.00 EGG 🥚 ] [ 0.00 PET 🐸 ]
2024-06-21T16:41:59.888Z [info]: 
2024-06-21T16:41:59.888Z [info]: [ GOLDEN DUCK 🐥 ] : [ 0 | see you in 205s ]
2024-06-21T16:42:00.900Z [info]: [ ONLY GOLDEN DUCK MODE ]
2024-06-21T16:42:00.900Z [info]: 
2024-06-21T16:42:00.901Z [info]: Link Tool : [ j2c.cc/quack ]
2024-06-21T16:42:00.901Z [info]: Balances : [ 60721724.06 EGG 🥚 ] [ 1288.30 PET 🐸 ]
2024-06-21T16:42:00.901Z [info]: 
2024-06-21T16:42:00.901Z [info]: Run time : [ 00:00:00:13 ]
2024-06-21T16:42:00.901Z [info]: Total harvest : [ 0.00 EGG 🥚 ] [ 0.00 PET 🐸 ]
2024-06-21T16:42:00.902Z [info]: 
2024-06-21T16:42:00.902Z [info]: [ GOLDEN DUCK 🐥 ] : [ 0 | see you in 204s ]
2024-06-21T16:42:01.904Z [info]: [ ONLY GOLDEN DUCK MODE ]
2024-06-21T16:42:01.905Z [info]: 
2024-06-21T16:42:01.905Z [info]: Link Tool : [ j2c.cc/quack ]
2024-06-21T16:42:01.905Z [info]: Balances : [ 60721724.06 EGG 🥚 ] [ 1288.30 PET 🐸 ]
2024-06-21T16:42:01.905Z [info]: 
2024-06-21T16:42:01.906Z [info]: Run time : [ 00:00:00:14 ]
2024-06-21T16:42:01.906Z [info]: Total harvest : [ 0.00 EGG 🥚 ] [ 0.00 PET 🐸 ]
2024-06-21T16:42:01.906Z [info]: 
2024-06-21T16:42:01.906Z [info]: [ GOLDEN DUCK 🐥 ] : [ 0 | see you in 203s ]
2024-06-21T16:42:02.909Z [info]: [ ONLY GOLDEN DUCK MODE ]
2024-06-21T16:42:02.909Z [info]: 
2024-06-21T16:42:02.909Z [info]: Link Tool : [ j2c.cc/quack ]
2024-06-21T16:42:02.909Z [info]: Balances : [ 60721724.06 EGG 🥚 ] [ 1288.30 PET 🐸 ]
2024-06-21T16:42:02.910Z [info]: 
2024-06-21T16:42:02.910Z [info]: Run time : [ 00:00:00:15 ]
2024-06-21T16:42:02.910Z [info]: Total harvest : [ 0.00 EGG 🥚 ] [ 0.00 PET 🐸 ]
2024-06-21T16:42:02.910Z [info]: 
2024-06-21T16:42:02.910Z [info]: [ GOLDEN DUCK 🐥 ] : [ 0 | see you in 202s ]
2024-06-21T16:42:03.920Z [info]: [ ONLY GOLDEN DUCK MODE ]
2024-06-21T16:42:03.921Z [info]: 
2024-06-21T16:42:03.921Z [info]: Link Tool : [ j2c.cc/quack ]
2024-06-21T16:42:03.921Z [info]: Balances : [ 60721724.06 EGG 🥚 ] [ 1288.30 PET 🐸 ]
2024-06-21T16:42:03.921Z [info]: 
2024-06-21T16:42:03.922Z [info]: Run time : [ 00:00:00:16 ]
2024-06-21T16:42:03.922Z [info]: Total harvest : [ 0.00 EGG 🥚 ] [ 0.00 PET 🐸 ]
2024-06-21T16:42:03.922Z [info]: 
2024-06-21T16:42:03.922Z [info]: [ GOLDEN DUCK 🐥 ] : [ 0 | see you in 201s ]
2024-06-21T16:42:04.929Z [info]: [ ONLY GOLDEN DUCK MODE ]
2024-06-21T16:42:04.929Z [info]: 
2024-06-21T16:42:04.929Z [info]: Link Tool : [ j2c.cc/quack ]
2024-06-21T16:42:04.930Z [info]: Balances : [ 60721724.06 EGG 🥚 ] [ 1288.30 PET 🐸 ]
2024-06-21T16:42:04.930Z [info]: 
2024-06-21T16:42:04.930Z [info]: Run time : [ 00:00:00:17 ]
2024-06-21T16:42:04.930Z [info]: Total harvest : [ 0.00 EGG 🥚 ] [ 0.00 PET 🐸 ]
2024-06-21T16:42:04.931Z [info]: 
2024-06-21T16:42:04.931Z [info]: [ GOLDEN DUCK 🐥 ] : [ 0 | see you in 200s ]
2024-06-21T16:42:05.930Z [info]: [ ONLY GOLDEN DUCK MODE ]
2024-06-21T16:42:05.930Z [info]: 
2024-06-21T16:42:05.930Z [info]: Link Tool : [ j2c.cc/quack ]
2024-06-21T16:42:05.930Z [info]: Balances : [ 60721724.06 EGG 🥚 ] [ 1288.30 PET 🐸 ]
2024-06-21T16:42:05.930Z [info]: 
2024-06-21T16:42:05.931Z [info]: Run time : [ 00:00:00:18 ]
2024-06-21T16:42:05.931Z [info]: Total harvest : [ 0.00 EGG 🥚 ] [ 0.00 PET 🐸 ]
2024-06-21T16:42:05.931Z [info]: 
2024-06-21T16:42:05.931Z [info]: [ GOLDEN DUCK 🐥 ] : [ 0 | see you in 199s ]
2024-06-21T16:42:06.940Z [info]: [ ONLY GOLDEN DUCK MODE ]
2024-06-21T16:42:06.940Z [info]: 
2024-06-21T16:42:06.940Z [info]: Link Tool : [ j2c.cc/quack ]
2024-06-21T16:42:06.941Z [info]: Balances : [ 60721724.06 EGG 🥚 ] [ 1288.30 PET 🐸 ]
2024-06-21T16:42:06.941Z [info]: 
2024-06-21T16:42:06.941Z [info]: Run time : [ 00:00:00:19 ]
2024-06-21T16:42:06.941Z [info]: Total harvest : [ 0.00 EGG 🥚 ] [ 0.00 PET 🐸 ]
2024-06-21T16:42:06.942Z [info]: 
2024-06-21T16:42:06.942Z [info]: [ GOLDEN DUCK 🐥 ] : [ 0 | see you in 198s ]
2024-06-21T16:42:07.954Z [info]: [ ONLY GOLDEN DUCK MODE ]
2024-06-21T16:42:07.954Z [info]: 
2024-06-21T16:42:07.954Z [info]: Link Tool : [ j2c.cc/quack ]
2024-06-21T16:42:07.954Z [info]: Balances : [ 60721724.06 EGG 🥚 ] [ 1288.30 PET 🐸 ]
2024-06-21T16:42:07.955Z [info]: 
2024-06-21T16:42:07.955Z [info]: Run time : [ 00:00:00:20 ]
2024-06-21T16:42:07.955Z [info]: Total harvest : [ 0.00 EGG 🥚 ] [ 0.00 PET 🐸 ]
2024-06-21T16:42:07.955Z [info]: 
2024-06-21T16:42:07.956Z [info]: [ GOLDEN DUCK 🐥 ] : [ 0 | see you in 197s ]
2024-06-21T16:42:08.956Z [info]: [ ONLY GOLDEN DUCK MODE ]
2024-06-21T16:42:08.956Z [info]: 
2024-06-21T16:42:08.957Z [info]: Link Tool : [ j2c.cc/quack ]
2024-06-21T16:42:08.957Z [info]: Balances : [ 60721724.06 EGG 🥚 ] [ 1288.30 PET 🐸 ]
2024-06-21T16:42:08.957Z [info]: 
2024-06-21T16:42:08.957Z [info]: Run time : [ 00:00:00:21 ]
2024-06-21T16:42:08.957Z [info]: Total harvest : [ 0.00 EGG 🥚 ] [ 0.00 PET 🐸 ]
2024-06-21T16:42:08.958Z [info]: 
2024-06-21T16:42:08.958Z [info]: [ GOLDEN DUCK 🐥 ] : [ 0 | see you in 196s ]
2024-06-21T16:42:09.967Z [info]: [ ONLY GOLDEN DUCK MODE ]
2024-06-21T16:42:09.968Z [info]: 
2024-06-21T16:42:09.968Z [info]: Link Tool : [ j2c.cc/quack ]
2024-06-21T16:42:09.968Z [info]: Balances : [ 60721724.06 EGG 🥚 ] [ 1288.30 PET 🐸 ]
2024-06-21T16:42:09.969Z [info]: 
2024-06-21T16:42:09.969Z [info]: Run time : [ 00:00:00:22 ]
2024-06-21T16:42:09.969Z [info]: Total harvest : [ 0.00 EGG 🥚 ] [ 0.00 PET 🐸 ]
2024-06-21T16:42:09.969Z [info]: 
2024-06-21T16:42:09.969Z [info]: [ GOLDEN DUCK 🐥 ] : [ 0 | see you in 195s ]
2024-06-21T16:42:10.973Z [info]: [ ONLY GOLDEN DUCK MODE ]
2024-06-21T16:42:10.973Z [info]: 
2024-06-21T16:42:10.974Z [info]: Link Tool : [ j2c.cc/quack ]
2024-06-21T16:42:10.974Z [info]: Balances : [ 60721724.06 EGG 🥚 ] [ 1288.30 PET 🐸 ]
2024-06-21T16:42:10.974Z [info]: 
2024-06-21T16:42:10.974Z [info]: Run time : [ 00:00:00:23 ]
2024-06-21T16:42:10.974Z [info]: Total harvest : [ 0.00 EGG 🥚 ] [ 0.00 PET 🐸 ]
2024-06-21T16:42:10.975Z [info]: 
2024-06-21T16:42:10.975Z [info]: [ GOLDEN DUCK 🐥 ] : [ 0 | see you in 194s ]
2024-06-21T16:42:11.980Z [info]: [ ONLY GOLDEN DUCK MODE ]
2024-06-21T16:42:11.980Z [info]: 
2024-06-21T16:42:11.980Z [info]: Link Tool : [ j2c.cc/quack ]
2024-06-21T16:42:11.981Z [info]: Balances : [ 60721724.06 EGG 🥚 ] [ 1288.30 PET 🐸 ]
2024-06-21T16:42:11.981Z [info]: 
2024-06-21T16:42:11.981Z [info]: Run time : [ 00:00:00:24 ]
2024-06-21T16:42:11.981Z [info]: Total harvest : [ 0.00 EGG 🥚 ] [ 0.00 PET 🐸 ]
2024-06-21T16:42:11.981Z [info]: 
2024-06-21T16:42:11.982Z [info]: [ GOLDEN DUCK 🐥 ] : [ 0 | see you in 193s ]
2024-06-21T16:42:12.993Z [info]: [ ONLY GOLDEN DUCK MODE ]
2024-06-21T16:42:12.994Z [info]: 
2024-06-21T16:42:12.994Z [info]: Link Tool : [ j2c.cc/quack ]
2024-06-21T16:42:12.994Z [info]: Balances : [ 60721724.06 EGG 🥚 ] [ 1288.30 PET 🐸 ]
2024-06-21T16:42:12.994Z [info]: 
2024-06-21T16:42:12.994Z [info]: Run time : [ 00:00:00:25 ]
2024-06-21T16:42:12.995Z [info]: Total harvest : [ 0.00 EGG 🥚 ] [ 0.00 PET 🐸 ]
2024-06-21T16:42:12.995Z [info]: 
2024-06-21T16:42:12.995Z [info]: [ GOLDEN DUCK 🐥 ] : [ 0 | see you in 192s ]
2024-06-21T16:42:14.006Z [info]: [ ONLY GOLDEN DUCK MODE ]
2024-06-21T16:42:14.007Z [info]: 
2024-06-21T16:42:14.007Z [info]: Link Tool : [ j2c.cc/quack ]
2024-06-21T16:42:14.007Z [info]: Balances : [ 60721724.06 EGG 🥚 ] [ 1288.30 PET 🐸 ]
2024-06-21T16:42:14.007Z [info]: 
2024-06-21T16:42:14.007Z [info]: Run time : [ 00:00:00:26 ]
2024-06-21T16:42:14.008Z [info]: Total harvest : [ 0.00 EGG 🥚 ] [ 0.00 PET 🐸 ]
2024-06-21T16:42:14.008Z [info]: 
2024-06-21T16:42:14.008Z [info]: [ GOLDEN DUCK 🐥 ] : [ 0 | see you in 191s ]
2024-06-21T16:42:15.022Z [info]: [ ONLY GOLDEN DUCK MODE ]
2024-06-21T16:42:15.023Z [info]: 
2024-06-21T16:42:15.023Z [info]: Link Tool : [ j2c.cc/quack ]
2024-06-21T16:42:15.023Z [info]: Balances : [ 60721724.06 EGG 🥚 ] [ 1288.30 PET 🐸 ]
2024-06-21T16:42:15.023Z [info]: 
2024-06-21T16:42:15.024Z [info]: Run time : [ 00:00:00:27 ]
2024-06-21T16:42:15.024Z [info]: Total harvest : [ 0.00 EGG 🥚 ] [ 0.00 PET 🐸 ]
2024-06-21T16:42:15.024Z [info]: 
2024-06-21T16:42:15.024Z [info]: [ GOLDEN DUCK 🐥 ] : [ 0 | see you in 190s ]
2024-06-21T16:42:16.026Z [info]: [ ONLY GOLDEN DUCK MODE ]
2024-06-21T16:42:16.026Z [info]: 
2024-06-21T16:42:16.026Z [info]: Link Tool : [ j2c.cc/quack ]
2024-06-21T16:42:16.027Z [info]: Balances : [ 60721724.06 EGG 🥚 ] [ 1288.30 PET 🐸 ]
2024-06-21T16:42:16.027Z [info]: 
2024-06-21T16:42:16.027Z [info]: Run time : [ 00:00:00:28 ]
2024-06-21T16:42:16.027Z [info]: Total harvest : [ 0.00 EGG 🥚 ] [ 0.00 PET 🐸 ]
2024-06-21T16:42:16.028Z [info]: 
2024-06-21T16:42:16.028Z [info]: [ GOLDEN DUCK 🐥 ] : [ 0 | see you in 189s ]
2024-06-21T16:42:17.037Z [info]: [ ONLY GOLDEN DUCK MODE ]
2024-06-21T16:42:17.037Z [info]: 
2024-06-21T16:42:17.037Z [info]: Link Tool : [ j2c.cc/quack ]
2024-06-21T16:42:17.038Z [info]: Balances : [ 60721724.06 EGG 🥚 ] [ 1288.30 PET 🐸 ]
2024-06-21T16:42:17.038Z [info]: 
2024-06-21T16:42:17.038Z [info]: Run time : [ 00:00:00:29 ]
2024-06-21T16:42:17.038Z [info]: Total harvest : [ 0.00 EGG 🥚 ] [ 0.00 PET 🐸 ]
2024-06-21T16:42:17.039Z [info]: 
2024-06-21T16:42:17.039Z [info]: [ GOLDEN DUCK 🐥 ] : [ 0 | see you in 188s ]
2024-06-21T16:42:18.039Z [info]: [ ONLY GOLDEN DUCK MODE ]
2024-06-21T16:42:18.040Z [info]: 
2024-06-21T16:42:18.040Z [info]: Link Tool : [ j2c.cc/quack ]
2024-06-21T16:42:18.040Z [info]: Balances : [ 60721724.06 EGG 🥚 ] [ 1288.30 PET 🐸 ]
2024-06-21T16:42:18.040Z [info]: 
2024-06-21T16:42:18.040Z [info]: Run time : [ 00:00:00:30 ]
2024-06-21T16:42:18.040Z [info]: Total harvest : [ 0.00 EGG 🥚 ] [ 0.00 PET 🐸 ]
2024-06-21T16:42:18.040Z [info]: 
2024-06-21T16:42:18.040Z [info]: [ GOLDEN DUCK 🐥 ] : [ 0 | see you in 187s ]
2024-06-21T16:42:19.051Z [info]: [ ONLY GOLDEN DUCK MODE ]
2024-06-21T16:42:19.051Z [info]: 
2024-06-21T16:42:19.051Z [info]: Link Tool : [ j2c.cc/quack ]
2024-06-21T16:42:19.051Z [info]: Balances : [ 60721724.06 EGG 🥚 ] [ 1288.30 PET 🐸 ]
2024-06-21T16:42:19.051Z [info]: 
2024-06-21T16:42:19.052Z [info]: Run time : [ 00:00:00:31 ]
2024-06-21T16:42:19.052Z [info]: Total harvest : [ 0.00 EGG 🥚 ] [ 0.00 PET 🐸 ]
2024-06-21T16:42:19.052Z [info]: 
2024-06-21T16:42:19.052Z [info]: [ GOLDEN DUCK 🐥 ] : [ 0 | see you in 186s ]
2024-06-21T16:42:20.062Z [info]: [ ONLY GOLDEN DUCK MODE ]
2024-06-21T16:42:20.062Z [info]: 
2024-06-21T16:42:20.063Z [info]: Link Tool : [ j2c.cc/quack ]
2024-06-21T16:42:20.063Z [info]: Balances : [ 60721724.06 EGG 🥚 ] [ 1288.30 PET 🐸 ]
2024-06-21T16:42:20.063Z [info]: 
2024-06-21T16:42:20.063Z [info]: Run time : [ 00:00:00:32 ]
2024-06-21T16:42:20.063Z [info]: Total harvest : [ 0.00 EGG 🥚 ] [ 0.00 PET 🐸 ]
2024-06-21T16:42:20.064Z [info]: 
2024-06-21T16:42:20.064Z [info]: [ GOLDEN DUCK 🐥 ] : [ 0 | see you in 185s ]
2024-06-21T16:42:21.075Z [info]: [ ONLY GOLDEN DUCK MODE ]
2024-06-21T16:42:21.075Z [info]: 
2024-06-21T16:42:21.075Z [info]: Link Tool : [ j2c.cc/quack ]
2024-06-21T16:42:21.076Z [info]: Balances : [ 60721724.06 EGG 🥚 ] [ 1288.30 PET 🐸 ]
2024-06-21T16:42:21.076Z [info]: 
2024-06-21T16:42:21.076Z [info]: Run time : [ 00:00:00:33 ]
2024-06-21T16:42:21.076Z [info]: Total harvest : [ 0.00 EGG 🥚 ] [ 0.00 PET 🐸 ]
2024-06-21T16:42:21.077Z [info]: 
2024-06-21T16:42:21.077Z [info]: [ GOLDEN DUCK 🐥 ] : [ 0 | see you in 184s ]
2024-06-21T16:42:22.090Z [info]: [ ONLY GOLDEN DUCK MODE ]
2024-06-21T16:42:22.090Z [info]: 
2024-06-21T16:42:22.090Z [info]: Link Tool : [ j2c.cc/quack ]
2024-06-21T16:42:22.091Z [info]: Balances : [ 60721724.06 EGG 🥚 ] [ 1288.30 PET 🐸 ]
2024-06-21T16:42:22.091Z [info]: 
2024-06-21T16:42:22.091Z [info]: Run time : [ 00:00:00:34 ]
2024-06-21T16:42:22.091Z [info]: Total harvest : [ 0.00 EGG 🥚 ] [ 0.00 PET 🐸 ]
2024-06-21T16:42:22.092Z [info]: 
2024-06-21T16:42:22.092Z [info]: [ GOLDEN DUCK 🐥 ] : [ 0 | see you in 183s ]
2024-06-21T16:42:23.104Z [info]: [ ONLY GOLDEN DUCK MODE ]
2024-06-21T16:42:23.104Z [info]: 
2024-06-21T16:42:23.105Z [info]: Link Tool : [ j2c.cc/quack ]
2024-06-21T16:42:23.105Z [info]: Balances : [ 60721724.06 EGG 🥚 ] [ 1288.30 PET 🐸 ]
2024-06-21T16:42:23.105Z [info]: 
2024-06-21T16:42:23.105Z [info]: Run time : [ 00:00:00:35 ]
2024-06-21T16:42:23.105Z [info]: Total harvest : [ 0.00 EGG 🥚 ] [ 0.00 PET 🐸 ]
2024-06-21T16:42:23.106Z [info]: 
2024-06-21T16:42:23.106Z [info]: [ GOLDEN DUCK 🐥 ] : [ 0 | see you in 182s ]
2024-06-21T16:42:24.117Z [info]: [ ONLY GOLDEN DUCK MODE ]
2024-06-21T16:42:24.117Z [info]: 
2024-06-21T16:42:24.117Z [info]: Link Tool : [ j2c.cc/quack ]
2024-06-21T16:42:24.118Z [info]: Balances : [ 60721724.06 EGG 🥚 ] [ 1288.30 PET 🐸 ]
2024-06-21T16:42:24.118Z [info]: 
2024-06-21T16:42:24.118Z [info]: Run time : [ 00:00:00:36 ]
2024-06-21T16:42:24.118Z [info]: Total harvest : [ 0.00 EGG 🥚 ] [ 0.00 PET 🐸 ]
2024-06-21T16:42:24.118Z [info]: 
2024-06-21T16:42:24.118Z [info]: [ GOLDEN DUCK 🐥 ] : [ 0 | see you in 181s ]
2024-06-21T16:42:25.127Z [info]: [ ONLY GOLDEN DUCK MODE ]
2024-06-21T16:42:25.127Z [info]: 
2024-06-21T16:42:25.127Z [info]: Link Tool : [ j2c.cc/quack ]
2024-06-21T16:42:25.128Z [info]: Balances : [ 60721724.06 EGG 🥚 ] [ 1288.30 PET 🐸 ]
2024-06-21T16:42:25.128Z [info]: 
2024-06-21T16:42:25.128Z [info]: Run time : [ 00:00:00:37 ]
2024-06-21T16:42:25.128Z [info]: Total harvest : [ 0.00 EGG 🥚 ] [ 0.00 PET 🐸 ]
2024-06-21T16:42:25.128Z [info]: 
2024-06-21T16:42:25.128Z [info]: [ GOLDEN DUCK 🐥 ] : [ 0 | see you in 180s ]
2024-06-21T16:42:26.137Z [info]: [ ONLY GOLDEN DUCK MODE ]
2024-06-21T16:42:26.138Z [info]: 
2024-06-21T16:42:26.138Z [info]: Link Tool : [ j2c.cc/quack ]
2024-06-21T16:42:26.138Z [info]: Balances : [ 60721724.06 EGG 🥚 ] [ 1288.30 PET 🐸 ]
2024-06-21T16:42:26.138Z [info]: 
2024-06-21T16:42:26.138Z [info]: Run time : [ 00:00:00:38 ]
2024-06-21T16:42:26.139Z [info]: Total harvest : [ 0.00 EGG 🥚 ] [ 0.00 PET 🐸 ]
2024-06-21T16:42:26.139Z [info]: 
2024-06-21T16:42:26.139Z [info]: [ GOLDEN DUCK 🐥 ] : [ 0 | see you in 179s ]
2024-06-21T16:42:27.145Z [info]: [ ONLY GOLDEN DUCK MODE ]
2024-06-21T16:42:27.146Z [info]: 
2024-06-21T16:42:27.146Z [info]: Link Tool : [ j2c.cc/quack ]
2024-06-21T16:42:27.146Z [info]: Balances : [ 60721724.06 EGG 🥚 ] [ 1288.30 PET 🐸 ]
2024-06-21T16:42:27.146Z [info]: 
2024-06-21T16:42:27.146Z [info]: Run time : [ 00:00:00:39 ]
2024-06-21T16:42:27.146Z [info]: Total harvest : [ 0.00 EGG 🥚 ] [ 0.00 PET 🐸 ]
2024-06-21T16:42:27.147Z [info]: 
2024-06-21T16:42:27.147Z [info]: [ GOLDEN DUCK 🐥 ] : [ 0 | see you in 178s ]
2024-06-21T16:42:28.151Z [info]: [ ONLY GOLDEN DUCK MODE ]
2024-06-21T16:42:28.151Z [info]: 
2024-06-21T16:42:28.151Z [info]: Link Tool : [ j2c.cc/quack ]
2024-06-21T16:42:28.151Z [info]: Balances : [ 60721724.06 EGG 🥚 ] [ 1288.30 PET 🐸 ]
2024-06-21T16:42:28.151Z [info]: 
2024-06-21T16:42:28.152Z [info]: Run time : [ 00:00:00:40 ]
2024-06-21T16:42:28.152Z [info]: Total harvest : [ 0.00 EGG 🥚 ] [ 0.00 PET 🐸 ]
2024-06-21T16:42:28.152Z [info]: 
2024-06-21T16:42:28.152Z [info]: [ GOLDEN DUCK 🐥 ] : [ 0 | see you in 177s ]
2024-06-21T16:42:29.157Z [info]: [ ONLY GOLDEN DUCK MODE ]
2024-06-21T16:42:29.158Z [info]: 
2024-06-21T16:42:29.158Z [info]: Link Tool : [ j2c.cc/quack ]
2024-06-21T16:42:29.158Z [info]: Balances : [ 60721724.06 EGG 🥚 ] [ 1288.30 PET 🐸 ]
2024-06-21T16:42:29.159Z [info]: 
2024-06-21T16:42:29.159Z [info]: Run time : [ 00:00:00:41 ]
2024-06-21T16:42:29.159Z [info]: Total harvest : [ 0.00 EGG 🥚 ] [ 0.00 PET 🐸 ]
2024-06-21T16:42:29.159Z [info]: 
2024-06-21T16:42:29.159Z [info]: [ GOLDEN DUCK 🐥 ] : [ 0 | see you in 176s ]
2024-06-21T16:42:30.172Z [info]: [ ONLY GOLDEN DUCK MODE ]
2024-06-21T16:42:30.173Z [info]: 
2024-06-21T16:42:30.173Z [info]: Link Tool : [ j2c.cc/quack ]
2024-06-21T16:42:30.173Z [info]: Balances : [ 60721724.06 EGG 🥚 ] [ 1288.30 PET 🐸 ]
2024-06-21T16:42:30.173Z [info]: 
2024-06-21T16:42:30.173Z [info]: Run time : [ 00:00:00:42 ]
2024-06-21T16:42:30.174Z [info]: Total harvest : [ 0.00 EGG 🥚 ] [ 0.00 PET 🐸 ]
2024-06-21T16:42:30.174Z [info]: 
2024-06-21T16:42:30.174Z [info]: [ GOLDEN DUCK 🐥 ] : [ 0 | see you in 175s ]
2024-06-21T16:42:31.176Z [info]: [ ONLY GOLDEN DUCK MODE ]
2024-06-21T16:42:31.176Z [info]: 
2024-06-21T16:42:31.176Z [info]: Link Tool : [ j2c.cc/quack ]
2024-06-21T16:42:31.176Z [info]: Balances : [ 60721724.06 EGG 🥚 ] [ 1288.30 PET 🐸 ]
2024-06-21T16:42:31.177Z [info]: 
2024-06-21T16:42:31.177Z [info]: Run time : [ 00:00:00:43 ]
2024-06-21T16:42:31.177Z [info]: Total harvest : [ 0.00 EGG 🥚 ] [ 0.00 PET 🐸 ]
2024-06-21T16:42:31.177Z [info]: 
2024-06-21T16:42:31.177Z [info]: [ GOLDEN DUCK 🐥 ] : [ 0 | see you in 174s ]
2024-06-21T16:42:32.183Z [info]: [ ONLY GOLDEN DUCK MODE ]
2024-06-21T16:42:32.184Z [info]: 
2024-06-21T16:42:32.184Z [info]: Link Tool : [ j2c.cc/quack ]
2024-06-21T16:42:32.184Z [info]: Balances : [ 60721724.06 EGG 🥚 ] [ 1288.30 PET 🐸 ]
2024-06-21T16:42:32.184Z [info]: 
2024-06-21T16:42:32.185Z [info]: Run time : [ 00:00:00:44 ]
2024-06-21T16:42:32.185Z [info]: Total harvest : [ 0.00 EGG 🥚 ] [ 0.00 PET 🐸 ]
2024-06-21T16:42:32.185Z [info]: 
2024-06-21T16:42:32.185Z [info]: [ GOLDEN DUCK 🐥 ] : [ 0 | see you in 173s ]
2024-06-21T16:42:33.194Z [info]: [ ONLY GOLDEN DUCK MODE ]
2024-06-21T16:42:33.194Z [info]: 
2024-06-21T16:42:33.194Z [info]: Link Tool : [ j2c.cc/quack ]
2024-06-21T16:42:33.195Z [info]: Balances : [ 60721724.06 EGG 🥚 ] [ 1288.30 PET 🐸 ]
2024-06-21T16:42:33.195Z [info]: 
2024-06-21T16:42:33.195Z [info]: Run time : [ 00:00:00:45 ]
2024-06-21T16:42:33.195Z [info]: Total harvest : [ 0.00 EGG 🥚 ] [ 0.00 PET 🐸 ]
2024-06-21T16:42:33.196Z [info]: 
2024-06-21T16:42:33.196Z [info]: [ GOLDEN DUCK 🐥 ] : [ 0 | see you in 172s ]
2024-06-21T16:42:34.198Z [info]: [ ONLY GOLDEN DUCK MODE ]
2024-06-21T16:42:34.199Z [info]: 
2024-06-21T16:42:34.199Z [info]: Link Tool : [ j2c.cc/quack ]
2024-06-21T16:42:34.199Z [info]: Balances : [ 60721724.06 EGG 🥚 ] [ 1288.30 PET 🐸 ]
2024-06-21T16:42:34.199Z [info]: 
2024-06-21T16:42:34.199Z [info]: Run time : [ 00:00:00:46 ]
2024-06-21T16:42:34.200Z [info]: Total harvest : [ 0.00 EGG 🥚 ] [ 0.00 PET 🐸 ]
2024-06-21T16:42:34.200Z [info]: 
2024-06-21T16:42:34.200Z [info]: [ GOLDEN DUCK 🐥 ] : [ 0 | see you in 171s ]
2024-06-21T16:42:35.201Z [info]: [ ONLY GOLDEN DUCK MODE ]
2024-06-21T16:42:35.201Z [info]: 
2024-06-21T16:42:35.202Z [info]: Link Tool : [ j2c.cc/quack ]
2024-06-21T16:42:35.202Z [info]: Balances : [ 60721724.06 EGG 🥚 ] [ 1288.30 PET 🐸 ]
2024-06-21T16:42:35.202Z [info]: 
2024-06-21T16:42:35.202Z [info]: Run time : [ 00:00:00:48 ]
2024-06-21T16:42:35.202Z [info]: Total harvest : [ 0.00 EGG 🥚 ] [ 0.00 PET 🐸 ]
2024-06-21T16:42:35.203Z [info]: 
2024-06-21T16:42:35.203Z [info]: [ GOLDEN DUCK 🐥 ] : [ 0 | see you in 170s ]
2024-06-21T16:42:36.209Z [info]: [ ONLY GOLDEN DUCK MODE ]
2024-06-21T16:42:36.209Z [info]: 
2024-06-21T16:42:36.210Z [info]: Link Tool : [ j2c.cc/quack ]
2024-06-21T16:42:36.210Z [info]: Balances : [ 60721724.06 EGG 🥚 ] [ 1288.30 PET 🐸 ]
2024-06-21T16:42:36.210Z [info]: 
2024-06-21T16:42:36.210Z [info]: Run time : [ 00:00:00:49 ]
2024-06-21T16:42:36.210Z [info]: Total harvest : [ 0.00 EGG 🥚 ] [ 0.00 PET 🐸 ]
2024-06-21T16:42:36.210Z [info]: 
2024-06-21T16:42:36.211Z [info]: [ GOLDEN DUCK 🐥 ] : [ 0 | see you in 169s ]
2024-06-21T16:42:37.225Z [info]: [ ONLY GOLDEN DUCK MODE ]
2024-06-21T16:42:37.225Z [info]: 
2024-06-21T16:42:37.225Z [info]: Link Tool : [ j2c.cc/quack ]
2024-06-21T16:42:37.226Z [info]: Balances : [ 60721724.06 EGG 🥚 ] [ 1288.30 PET 🐸 ]
2024-06-21T16:42:37.226Z [info]: 
2024-06-21T16:42:37.226Z [info]: Run time : [ 00:00:00:50 ]
2024-06-21T16:42:37.226Z [info]: Total harvest : [ 0.00 EGG 🥚 ] [ 0.00 PET 🐸 ]
2024-06-21T16:42:37.226Z [info]: 
2024-06-21T16:42:37.227Z [info]: [ GOLDEN DUCK 🐥 ] : [ 0 | see you in 168s ]
2024-06-21T16:42:38.228Z [info]: [ ONLY GOLDEN DUCK MODE ]
2024-06-21T16:42:38.229Z [info]: 
2024-06-21T16:42:38.229Z [info]: Link Tool : [ j2c.cc/quack ]
2024-06-21T16:42:38.229Z [info]: Balances : [ 60721724.06 EGG 🥚 ] [ 1288.30 PET 🐸 ]
2024-06-21T16:42:38.229Z [info]: 
2024-06-21T16:42:38.229Z [info]: Run time : [ 00:00:00:51 ]
2024-06-21T16:42:38.230Z [info]: Total harvest : [ 0.00 EGG 🥚 ] [ 0.00 PET 🐸 ]
2024-06-21T16:42:38.230Z [info]: 
2024-06-21T16:42:38.230Z [info]: [ GOLDEN DUCK 🐥 ] : [ 0 | see you in 167s ]
2024-06-21T16:42:39.238Z [info]: [ ONLY GOLDEN DUCK MODE ]
2024-06-21T16:42:39.239Z [info]: 
2024-06-21T16:42:39.239Z [info]: Link Tool : [ j2c.cc/quack ]
2024-06-21T16:42:39.239Z [info]: Balances : [ 60721724.06 EGG 🥚 ] [ 1288.30 PET 🐸 ]
2024-06-21T16:42:39.239Z [info]: 
2024-06-21T16:42:39.240Z [info]: Run time : [ 00:00:00:52 ]
2024-06-21T16:42:39.240Z [info]: Total harvest : [ 0.00 EGG 🥚 ] [ 0.00 PET 🐸 ]
2024-06-21T16:42:39.240Z [info]: 
2024-06-21T16:42:39.240Z [info]: [ GOLDEN DUCK 🐥 ] : [ 0 | see you in 166s ]
2024-06-21T16:42:40.249Z [info]: [ ONLY GOLDEN DUCK MODE ]
2024-06-21T16:42:40.250Z [info]: 
2024-06-21T16:42:40.250Z [info]: Link Tool : [ j2c.cc/quack ]
2024-06-21T16:42:40.250Z [info]: Balances : [ 60721724.06 EGG 🥚 ] [ 1288.30 PET 🐸 ]
2024-06-21T16:42:40.250Z [info]: 
2024-06-21T16:42:40.250Z [info]: Run time : [ 00:00:00:53 ]
2024-06-21T16:42:40.251Z [info]: Total harvest : [ 0.00 EGG 🥚 ] [ 0.00 PET 🐸 ]
2024-06-21T16:42:40.251Z [info]: 
2024-06-21T16:42:40.251Z [info]: [ GOLDEN DUCK 🐥 ] : [ 0 | see you in 165s ]
2024-06-21T16:42:41.257Z [info]: [ ONLY GOLDEN DUCK MODE ]
2024-06-21T16:42:41.257Z [info]: 
2024-06-21T16:42:41.257Z [info]: Link Tool : [ j2c.cc/quack ]
2024-06-21T16:42:41.258Z [info]: Balances : [ 60721724.06 EGG 🥚 ] [ 1288.30 PET 🐸 ]
2024-06-21T16:42:41.258Z [info]: 
2024-06-21T16:42:41.258Z [info]: Run time : [ 00:00:00:54 ]
2024-06-21T16:42:41.258Z [info]: Total harvest : [ 0.00 EGG 🥚 ] [ 0.00 PET 🐸 ]
2024-06-21T16:42:41.258Z [info]: 
2024-06-21T16:42:41.259Z [info]: [ GOLDEN DUCK 🐥 ] : [ 0 | see you in 164s ]
2024-06-21T16:42:42.267Z [info]: [ ONLY GOLDEN DUCK MODE ]
2024-06-21T16:42:42.268Z [info]: 
2024-06-21T16:42:42.268Z [info]: Link Tool : [ j2c.cc/quack ]
2024-06-21T16:42:42.268Z [info]: Balances : [ 60721724.06 EGG 🥚 ] [ 1288.30 PET 🐸 ]
2024-06-21T16:42:42.268Z [info]: 
2024-06-21T16:42:42.269Z [info]: Run time : [ 00:00:00:55 ]
2024-06-21T16:42:42.269Z [info]: Total harvest : [ 0.00 EGG 🥚 ] [ 0.00 PET 🐸 ]
2024-06-21T16:42:42.269Z [info]: 
2024-06-21T16:42:42.269Z [info]: [ GOLDEN DUCK 🐥 ] : [ 0 | see you in 163s ]
